2024-02-22           14:05:45             +0100                ./gestionemos.log -m         true                                       
2024-02-22           14:07:01             +0100                ./gestionemos.log -d         true                                       
2024-02-22           14:09:49             +0100                ./gestionemos.log -d         true                                       
2024-02-22           14:09:49             +0100                ./gestionemos.log -d         true                                       
2024-02-27           13:19:31             +0100                ./gestionemos.log --dir      true                                       
2024-02-27           13:19:50             +0100                ./gestionemos.log --dir      true                                       
2024-02-27           13:19:50             +0100                ./gestionemos.log --dir      true                                       
2024-02-27           13:19:50             +0100                ./gestionemos.log --dir      false                                      
2024-02-27           13:19:50             +0100                ./gestionemos.log --dir      false                                      
2024-02-27           13:19:50             +0100                ./gestionemos.log --dir      false                                      
2024-02-27           13:20:24             +0100                ./gestionemos.log --dir      true                                       
2024-02-27           13:20:24             +0100                ./gestionemos.log --dir      true                                       
2024-02-27           13:20:24             +0100                ./gestionemos.log --dir      false                                      
2024-02-27           13:20:24             +0100                ./gestionemos.log --dir      false                                      
2024-02-27           13:20:25             +0100                ./gestionemos.log --dir      false                                      
2024-02-27           13:21:11             +0100                ./gestionemos.log --dir      true                                       
2024-02-27           13:21:11             +0100                ./gestionemos.log --dir      true                                       
2024-02-27           13:21:11             +0100                ./gestionemos.log --dir      false                                      
2024-02-27           13:21:12             +0100                ./gestionemos.log --dir      false                                      
2024-02-27           13:21:12             +0100                ./gestionemos.log --dir      false                                      
2024-02-27           13:21:24             +0100                ./gestionemos.log --dir      true                                       
2024-02-27           13:21:24             +0100                ./gestionemos.log --dir      true                                       
2024-02-27           13:21:24             +0100                ./gestionemos.log --dir      false                                      
2024-02-27           13:21:24             +0100                ./gestionemos.log --dir      false                                      
2024-02-27           13:21:24             +0100                ./gestionemos.log --dir      false                                      
2024-02-27           13:25:55             +0100                ./gestionemos.log --dir      true                                       
2024-02-27           13:25:55             +0100                ./gestionemos.log --dir      true                                       
2024-02-27           13:25:55             +0100                ./gestionemos.log --dir      false                                      
2024-02-27           13:25:55             +0100                ./gestionemos.log --dir      false                                      
2024-02-27           13:25:56             +0100                ./gestionemos.log --dir      false                                      
2024-02-27           13:30:27             +0100                ./gestionemos.log --dir      true                                       
2024-02-27           13:30:27             +0100                ./gestionemos.log --dir      true                                       
2024-02-27           13:30:27             +0100                ./gestionemos.log --dir      false                                      
2024-02-27           13:30:27             +0100                ./gestionemos.log --dir      false                                      
2024-02-27           13:30:28             +0100                ./gestionemos.log --dir      false                                      
2024-02-27           13:30:53             +0100                ./gestionemos.log --dir      true                                       
2024-02-27           13:30:53             +0100                ./gestionemos.log --dir      true                                       
2024-02-27           13:30:53             +0100                ./gestionemos.log --dir      false                                      
2024-02-27           13:30:53             +0100                ./gestionemos.log --dir      false                                      
2024-02-27           13:30:53             +0100                ./gestionemos.log --dir      false                                      
2024-02-27           13:31:49             +0100                ./gestionemos.log --dir      true                                       
2024-02-27           13:31:49             +0100                ./gestionemos.log --dir      true                                       
2024-02-27           13:31:49             +0100                ./gestionemos.log --dir      false                                      
2024-02-27           13:31:49             +0100                ./gestionemos.log --dir      false                                      
2024-02-27           13:31:49             +0100                ./gestionemos.log --dir      false                                      
2024-02-27           13:35:09             +0100                ./gestionemos.log --dir      true                                       
2024-02-27           13:35:09             +0100                ./gestionemos.log --dir      true                                       
2024-02-27           13:35:09             +0100                ./gestionemos.log --dir      false                                      
2024-02-27           13:35:09             +0100                ./gestionemos.log --dir      false                                      
2024-02-27           13:35:09             +0100                ./gestionemos.log --dir      false                                      
2024-02-27           13:35:35             +0100                ./gestionemos.log --dir      true                                       
2024-02-27           13:35:35             +0100                ./gestionemos.log --dir      true                                       
2024-02-27           13:35:35             +0100                ./gestionemos.log --dir      false                                      
2024-02-27           13:35:35             +0100                ./gestionemos.log --dir      false                                      
2024-02-27           13:35:35             +0100                ./gestionemos.log --dir      false                                      
2024-02-27           13:35:35             +0100                ./gestionemos.log --dir      false                                      
2024-02-27           13:38:59             +0100                ./gestionemos.log --dir      true                                       
2024-02-27           13:38:59             +0100                ./gestionemos.log --dir      true                                       
2024-02-27           13:38:59             +0100                ./gestionemos.log --dir      false                                      
2024-02-27           13:38:59             +0100                ./gestionemos.log --dir      false                                      
2024-02-27           13:38:59             +0100                ./gestionemos.log --dir      false                                      
2024-02-27           13:39:00             +0100                ./gestionemos.log --dir      false                                      
2024-02-27           13:40:22             +0100                ./gestionemos.log -d         true                                       
2024-02-27           13:40:22             +0100                ./gestionemos.log -d         true                                       
2024-02-27           13:40:22             +0100                ./gestionemos.log -d         false                                      
2024-02-27           13:40:22             +0100                ./gestionemos.log -d         false                                      
2024-02-27           13:40:22             +0100                ./gestionemos.log -d         false                                      
2024-02-27           13:40:22             +0100                ./gestionemos.log -d         false                                      
2024-02-27           13:41:05             +0100                ./gestionemos.log -d         true                                       
2024-02-27           13:41:06             +0100                ./gestionemos.log -d         true                                       
2024-02-27           13:41:06             +0100                ./gestionemos.log -d         false                                      
2024-02-27           13:41:06             +0100                ./gestionemos.log -d         false                                      
2024-02-27           13:41:06             +0100                ./gestionemos.log -d         false                                      
2024-02-27           13:41:06             +0100                ./gestionemos.log -d         false                                      
2024-02-27           13:45:02             +0100                ./gestionemos.log -d         true                                       
2024-02-27           13:45:02             +0100                ./gestionemos.log -d         true                                       
2024-02-27           13:45:02             +0100                ./gestionemos.log -d         false                                      
2024-02-27           13:45:02             +0100                ./gestionemos.log -d         false                                      
2024-02-27           13:45:02             +0100                ./gestionemos.log -d         false                                      
2024-02-27           13:45:02             +0100                ./gestionemos.log -d         false                                      
2024-02-27           13:50:03             +0100                ./gestionemos.log -d         true                                       
2024-02-27           13:50:03             +0100                ./gestionemos.log -d         true                                       
2024-02-27           13:50:03             +0100                ./gestionemos.log -d         false                                      
2024-02-27           13:50:03             +0100                ./gestionemos.log -d         false                                      
2024-02-27           13:50:03             +0100                ./gestionemos.log -d         false                                      
2024-02-27           13:50:03             +0100                ./gestionemos.log -d         false                                      
2024-02-27           13:50:20             +0100                ./gestionemos.log -d         true                                       
2024-02-27           13:50:20             +0100                ./gestionemos.log -d         true                                       
2024-02-27           13:50:20             +0100                ./gestionemos.log -d         false                                      
2024-02-27           13:50:20             +0100                ./gestionemos.log -d         false                                      
2024-02-27           13:50:20             +0100                ./gestionemos.log -d         false                                      
2024-02-27           13:50:20             +0100                ./gestionemos.log -d         false    

elif [ $1 == "-d" ] || [ $1 == "--dir" ]
then
    shift
    directorio_creado="";
    for argumento in $@
    do
        if [ $argumento == "+" ]
        then
            shift
            argPosterior=$1
            
            for argPosterior in $@
            do 
                if [ -z "$directorio_creado" ]; then
                    echo "Error: No se puede usar '+' sin haber creado un directorio previamente"
                else
                    mkdir -p "$directorio_creado/$argPosterior"
                fi
            done
        else
            mkdir -p "$argumento"
            directorio_creado="$argumento" 
        fi
    done
2024-02-27           14:07:14             +0100                ./gestionemos.log -d         true                                       
2024-02-27           14:07:14             +0100                ./gestionemos.log -d         true                                       
2024-02-27           14:07:15             +0100                ./gestionemos.log -d         false                                      
2024-02-27           14:07:15             +0100                ./gestionemos.log -d         false                                      
2024-02-27           14:07:15             +0100                ./gestionemos.log -d         false                                      
2024-02-27           14:07:15             +0100                ./gestionemos.log -d         false                                      
2024-02-27           14:07:28             +0100                ./gestionemos.log -d         true                                       
2024-02-27           14:07:28             +0100                ./gestionemos.log -d         true                                       
2024-02-27           14:07:28             +0100                ./gestionemos.log -d         false                                      
2024-02-27           14:07:28             +0100                ./gestionemos.log -d         false                                      
2024-02-27           14:07:28             +0100                ./gestionemos.log -d         false                                      
2024-02-27           14:07:28             +0100                ./gestionemos.log -d         false                                      
2024-02-27           14:12:55             +0100                ./gestionemos.log -d         true                                       
2024-02-27           14:12:55             +0100                ./gestionemos.log -d         true                                       
2024-02-27           14:12:55             +0100                ./gestionemos.log -d         false                                      
2024-02-27           14:12:55             +0100                ./gestionemos.log -d         false                                      
2024-02-27           14:12:55             +0100                ./gestionemos.log -d         false                                      
2024-02-27           14:12:55             +0100                ./gestionemos.log -d         false                                      
